2022-07-21T17:00:00.000Z 2022-11-22T16:59:59.999Z
Fri 22/07/2022 2 06:06 17:21
Sat 23/07/2022 2 13:10 19:46
Sun 24/07/2022 3 06:54 12:52 17:56
Mon 25/07/2022 0
Tue 26/07/2022 3 07:57 12:21 18:10
Wed 27/07/2022 3 06:31 12:17 19:25
Thu 28/07/2022 1 06:54
Fri 29/07/2022 0
Sat 30/07/2022 3 07:33 11:34 17:55
Sun 31/07/2022 1 12:09
Mon 01/08/2022 3 06:57 11:30 19:15
Tue 02/08/2022 2 07:41 19:13
Wed 03/08/2022 2 11:13 17:39
Thu 04/08/2022 2 11:25 19:41
Fri 05/08/2022 0
Sat 06/08/2022 0
Sun 07/08/2022 3 07:57 11:15 17:41
Mon 08/08/2022 1 12:12
Tue 09/08/2022 1 18:16
Wed 10/08/2022 0
Thu 11/08/2022 1 12:23
Fri 12/08/2022 3 07:21 12:05 18:21
Sat 13/08/2022 2 06:11 12:02
Sun 14/08/2022 1 18:37
Mon 15/08/2022 0
Tue 16/08/2022 1 19:48
Wed 17/08/2022 2 06:16 11:45
Thu 18/08/2022 1 19:41
Fri 19/08/2022 2 13:07 17:28
Sat 20/08/2022 3 08:32 11:52 19:07
Sun 21/08/2022 3 08:19 13:15 17:15
Mon 22/08/2022 0
Tue 23/08/2022 3 07:16 13:23 17:16
Wed 24/08/2022 1 19:11
Thu 25/08/2022 2 11:53 18:45
Fri 26/08/2022 3 08:53 13:05 18:27
Sat 27/08/2022 3 08:19 12:14 19:28
Sun 28/08/2022 2 06:25 13:41
Mon 29/08/2022 2 08:25 18:32
Tue 30/08/2022 1 11:19
Wed 31/08/2022 3 06:15 12:59 19:20
Thu 01/09/2022 1 08:01
Fri 02/09/2022 0
Sat 03/09/2022 3 07:10 12:48 17:47
Sun 04/09/2022 2 12:26 18:21
Mon 05/09/2022 3 08:34 13:20 17:14
Tue 06/09/2022 3 06:19 12:12 18:20
Wed 07/09/2022 3 07:09 12:37 18:06
Thu 08/09/2022 0
Fri 09/09/2022 1 12:29
Sat 10/09/2022 3 06:41 12:38 18:51
Sun 11/09/2022 2 13:53 18:44
Mon 12/09/2022 2 08:59 19:46
Tue 13/09/2022 0
Wed 14/09/2022 1 11:27
Thu 15/09/2022 2 06:43 12:39
Fri 16/09/2022 2 08:40 18:41
Sat 17/09/2022 0
Sun 18/09/2022 1 13:42
Mon 19/09/2022 3 06:48 11:21 18:05
Tue 20/09/2022 2 08:56 11:58
Wed 21/09/2022 1 17:54
Thu 22/09/2022 1 07:54
Fri 23/09/2022 3 06:43 13:34 18:10
Sat 24/09/2022 3 07:10 12:01 19:18
Sun 25/09/2022 3 08:49 13:14 17:12
Mon 26/09/2022 0
Tue 27/09/2022 3 07:37 11:29 17:42
Wed 28/09/2022 3 08:02 13:13 17:09
Thu 29/09/2022 3 06:26 11:09 18:26
Fri 30/09/2022 2 11:36 18:41
Sat 01/10/2022 3 08:08 13:35 18:29
Sun 02/10/2022 0
Mon 03/10/2022 0
Tue 04/10/2022 0
Wed 05/10/2022 2 07:48 13:31
Thu 06/10/2022 0
Fri 07/10/2022 3 07:25 11:32 17:13
Sat 08/10/2022 1 19:34
Sun 09/10/2022 3 08:03 11:57 19:24
Mon 10/10/2022 1 18:09
Tue 11/10/2022 2 08:36 12:40
Wed 12/10/2022 2 12:40 17:56
Thu 13/10/2022 2 07:06 11:01
Fri 14/10/2022 1 07:02
Sat 15/10/2022 3 08:30 13:55 19:40
Sun 16/10/2022 1 12:34
Mon 17/10/2022 0
Tue 18/10/2022 2 13:24 17:05
Wed 19/10/2022 1 12:17
Thu 20/10/2022 1 19:43
Fri 21/10/2022 1 19:10
Sat 22/10/2022 1 17:43
Sun 23/10/2022 0
Mon 24/10/2022 3 08:12 13:59 19:59
Tue 25/10/2022 2 08:11 11:09
Wed 26/10/2022 1 07:24
Thu 27/10/2022 2 08:14 19:52
Fri 28/10/2022 0
Sat 29/10/2022 0
Sun 30/10/2022 2 06:26 18:26
Mon 31/10/2022 0
Tue 01/11/2022 1 18:38
Wed 02/11/2022 0
Thu 03/11/2022 0
Fri 04/11/2022 2 11:02 18:59
Sat 05/11/2022 0
Sun 06/11/2022 2 06:23 11:39
Mon 07/11/2022 1 06:17
Tue 08/11/2022 1 08:48
Wed 09/11/2022 0
Thu 10/11/2022 2 11:26 18:18
Fri 11/11/2022 3 06:28 13:06 19:38
Sat 12/11/2022 0
Sun 13/11/2022 2 11:17 19:45
Mon 14/11/2022 0
Tue 15/11/2022 1 08:15
Wed 16/11/2022 0
Thu 17/11/2022 0
Fri 18/11/2022 2 06:21 11:07
Sat 19/11/2022 3 07:54 11:13 19:35
Sun 20/11/2022 3 07:41 11:44 18:30
Mon 21/11/2022 0
Tue 22/11/2022 0
Total 190
