2022-07-21T17:00:00.000Z 2022-11-22T16:59:59.999Z
Fri 22/07/2022 1 18:31
Sat 23/07/2022 2 06:27 11:31
Sun 24/07/2022 3 07:40 12:31 19:49
Mon 25/07/2022 0
Tue 26/07/2022 3 07:02 13:04 18:27
Wed 27/07/2022 2 07:20 17:32
Thu 28/07/2022 3 07:51 13:30 19:48
Fri 29/07/2022 0
Sat 30/07/2022 2 12:22 18:37
Sun 31/07/2022 1 07:10
Mon 01/08/2022 0
Tue 02/08/2022 2 11:59 19:07
Wed 03/08/2022 2 12:32 18:53
Thu 04/08/2022 3 06:56 12:42 19:21
Fri 05/08/2022 0
Sat 06/08/2022 1 18:29
Sun 07/08/2022 1 18:33
Mon 08/08/2022 0
Tue 09/08/2022 3 07:37 12:42 19:05
Wed 10/08/2022 0
Thu 11/08/2022 2 07:58 18:03
Fri 12/08/2022 0
Sat 13/08/2022 1 08:01
Sun 14/08/2022 0
Mon 15/08/2022 2 07:06 12:42
Tue 16/08/2022 1 07:04
Wed 17/08/2022 3 07:13 11:59 18:29
Thu 18/08/2022 0
Fri 19/08/2022 1 11:04
Sat 20/08/2022 3 06:59 13:34 18:40
Sun 21/08/2022 3 08:25 11:31 18:04
Mon 22/08/2022 2 07:35 19:05
Tue 23/08/2022 0
Wed 24/08/2022 2 12:50 18:23
Thu 25/08/2022 1 12:16
Fri 26/08/2022 3 08:33 13:07 19:53
Sat 27/08/2022 0
Sun 28/08/2022 2 06:21 12:48
Mon 29/08/2022 3 07:38 12:19 18:44
Tue 30/08/2022 1 07:47
Wed 31/08/2022 3 07:42 12:09 19:20
Thu 01/09/2022 1 19:02
Fri 02/09/2022 1 17:25
Sat 03/09/2022 1 06:40
Sun 04/09/2022 0
Mon 05/09/2022 3 07:21 11:51 19:09
Tue 06/09/2022 3 07:22 12:44 19:33
Wed 07/09/2022 0
Thu 08/09/2022 1 12:38
Fri 09/09/2022 3 08:38 11:32 18:37
Sat 10/09/2022 3 07:53 12:33 19:03
Sun 11/09/2022 2 08:46 12:24
Mon 12/09/2022 3 07:41 13:48 19:17
Tue 13/09/2022 0
Wed 14/09/2022 1 17:53
Thu 15/09/2022 0
Fri 16/09/2022 2 08:31 18:29
Sat 17/09/2022 3 06:34 13:16 19:15
Sun 18/09/2022 0
Mon 19/09/2022 1 18:59
Tue 20/09/2022 2 06:13 19:24
Wed 21/09/2022 3 08:56 12:03 19:16
Thu 22/09/2022 3 06:34 13:14 18:03
Fri 23/09/2022 0
Sat 24/09/2022 3 06:08 12:06 17:31
Sun 25/09/2022 0
Mon 26/09/2022 2 08:13 19:32
Tue 27/09/2022 2 06:21 19:57
Wed 28/09/2022 2 06:00 19:49
Thu 29/09/2022 0
Fri 30/09/2022 3 07:17 12:04 18:15
Sat 01/10/2022 3 06:45 11:35 18:03
Sun 02/10/2022 0
Mon 03/10/2022 2 06:25 11:58
Tue 04/10/2022 2 06:39 11:11
Wed 05/10/2022 0
Thu 06/10/2022 3 08:00 13:04 18:06
Fri 07/10/2022 1 13:31
Sat 08/10/2022 1 17:25
Sun 09/10/2022 0
Mon 10/10/2022 1 06:01
Tue 11/10/2022 2 07:15 12:37
Wed 12/10/2022 0
Thu 13/10/2022 2 13:13 18:58
Fri 14/10/2022 0
Sat 15/10/2022 3 07:56 13:28 19:04
Sun 16/10/2022 1 11:48
Mon 17/10/2022 1 08:38
Tue 18/10/2022 3 07:19 11:50 17:53
Wed 19/10/2022 1 07:59
Thu 20/10/2022 0
Fri 21/10/2022 2 12:55 19:33
Sat 22/10/2022 1 17:01
Sun 23/10/2022 2 11:35 19:37
Mon 24/10/2022 2 06:29 12:06
Tue 25/10/2022 2 08:14 13:23
Wed 26/10/2022 3 08:18 13:43 18:48
Thu 27/10/2022 2 06:23 19:06
Fri 28/10/2022 0
Sat 29/10/2022 3 07:43 11:52 18:22
Sun 30/10/2022 0
Mon 31/10/2022 1 13:59
Tue 01/11/2022 1 13:33
Wed 02/11/2022 0
Thu 03/11/2022 0
Fri 04/11/2022 3 07:03 13:52 17:26
Sat 05/11/2022 0
Sun 06/11/2022 2 07:00 17:13
Mon 07/11/2022 1 08:52
Tue 08/11/2022 0
Wed 09/11/2022 2 08:25 11:08
Thu 10/11/2022 1 19:07
Fri 11/11/2022 2 08:15 17:01
Sat 12/11/2022 2 12:31 18:10
Sun 13/11/2022 0
Mon 14/11/2022 3 08:22 12:13 19:00
Tue 15/11/2022 3 08:31 11:29 18:06
Wed 16/11/2022 0
Thu 17/11/2022 0
Fri 18/11/2022 3 07:44 13:09 18:05
Sat 19/11/2022 2 07:33 11:40
Sun 20/11/2022 2 11:51 18:00
Mon 21/11/2022 1 11:29
Tue 22/11/2022 2 08:50 11:19
Total 184
