2022-07-05T23:00:00.000Z 2022-10-06T13:59:59.999Z
Wed 06/07/2022 4 09:23 12:13 13:23 17:17
Thu 07/07/2022 3 06:12 06:31 20:39
Fri 08/07/2022 4 11:29 17:48 18:47 19:07
Sat 09/07/2022 1 18:06
Sun 10/07/2022 2 08:52 13:42
Mon 11/07/2022 1 20:54
Tue 12/07/2022 2 06:57 10:59
Wed 13/07/2022 2 06:19 10:51
Thu 14/07/2022 4 08:25 15:21 16:33 19:27
Fri 15/07/2022 0
Sat 16/07/2022 3 08:33 11:07 13:08
Sun 17/07/2022 1 07:40
Mon 18/07/2022 1 14:17
Tue 19/07/2022 1 12:29
Wed 20/07/2022 2 15:56 16:30
Thu 21/07/2022 1 15:28
Fri 22/07/2022 4 11:36 15:05 16:14 18:23
Sat 23/07/2022 3 07:46 08:05 20:03
Sun 24/07/2022 3 06:30 16:08 19:47
Mon 25/07/2022 2 07:55 09:17
Tue 26/07/2022 2 14:04 15:30
Wed 27/07/2022 3 12:48 13:26 16:43
Thu 28/07/2022 1 12:58
Fri 29/07/2022 3 13:26 13:54 14:06
Sat 30/07/2022 0
Sun 31/07/2022 1 10:01
Mon 01/08/2022 1 18:24
Tue 02/08/2022 4 09:07 11:36 13:16 17:45
Wed 03/08/2022 1 19:39
Thu 04/08/2022 4 06:42 11:05 13:38 17:03
Fri 05/08/2022 4 10:08 10:11 13:01 20:47
Sat 06/08/2022 0
Sun 07/08/2022 1 19:52
Mon 08/08/2022 0
Tue 09/08/2022 4 07:45 11:12 12:14 18:34
Wed 10/08/2022 3 08:35 16:51 17:13
Thu 11/08/2022 3 11:51 12:56 16:51
Fri 12/08/2022 2 13:09 15:02
Sat 13/08/2022 0
Sun 14/08/2022 1 06:07
Mon 15/08/2022 0
Tue 16/08/2022 1 19:22
Wed 17/08/2022 0
Thu 18/08/2022 3 07:59 12:21 16:22
Fri 19/08/2022 1 10:26
Sat 20/08/2022 4 08:54 11:08 18:29 20:33
Sun 21/08/2022 1 12:55
Mon 22/08/2022 1 07:19
Tue 23/08/2022 3 06:14 10:29 12:21
Wed 24/08/2022 4 13:04 16:12 19:00 19:24
Thu 25/08/2022 4 07:56 08:32 11:44 20:47
Fri 26/08/2022 4 07:13 09:35 14:09 19:33
Sat 27/08/2022 2 11:48 20:48
Sun 28/08/2022 0
Mon 29/08/2022 3 06:30 17:27 17:49
Tue 30/08/2022 4 11:37 15:15 15:36 20:25
Wed 31/08/2022 0
Thu 01/09/2022 1 09:34
Fri 02/09/2022 2 12:23 16:24
Sat 03/09/2022 0
Sun 04/09/2022 0
Mon 05/09/2022 4 06:10 10:29 12:45 18:35
Tue 06/09/2022 0
Wed 07/09/2022 0
Thu 08/09/2022 1 18:23
Fri 09/09/2022 0
Sat 10/09/2022 3 09:23 09:34 14:34
Sun 11/09/2022 0
Mon 12/09/2022 3 09:26 10:03 11:52
Tue 13/09/2022 0
Wed 14/09/2022 2 06:19 08:45
Thu 15/09/2022 4 12:00 14:30 14:45 20:38
Fri 16/09/2022 4 07:21 14:11 18:52 20:15
Sat 17/09/2022 0
Sun 18/09/2022 0
Mon 19/09/2022 4 11:58 11:59 13:09 19:13
Tue 20/09/2022 3 07:23 16:07 16:59
Wed 21/09/2022 4 10:18 10:29 11:54 14:50
Thu 22/09/2022 2 11:52 20:39
Fri 23/09/2022 2 07:04 11:02
Sat 24/09/2022 4 10:01 10:56 16:00 18:18
Sun 25/09/2022 3 06:48 14:05 15:40
Mon 26/09/2022 2 09:15 19:46
Tue 27/09/2022 3 14:02 15:48 19:31
Wed 28/09/2022 3 15:19 16:32 17:34
Thu 29/09/2022 1 12:40
Fri 30/09/2022 0
Sat 01/10/2022 4 10:28 11:17 19:50 20:32
Sun 02/10/2022 4 10:35 10:45 11:42 19:57
Mon 03/10/2022 4 06:33 09:38 14:38 15:44
Tue 04/10/2022 1 11:25
Wed 05/10/2022 4 06:40 10:08 10:50 11:44
Thu 06/10/2022 0
Fri 07/10/2022 3 09:38 17:42 20:39
Total 192
