2022-07-23T12:34:15.000Z 2022-11-23T12:34:15.000Z
Sat 23/07/2022 2 | FASTING 122 06:03 | | BEFORE_MEAL 142 11:46 |
Sun 24/07/2022 0
Mon 25/07/2022 1 | FASTING 107 05:03 |
Tue 26/07/2022 2 | FASTING 92 06:55 | | BEFORE_MEAL 131 12:48 |
Wed 27/07/2022 1 | FASTING 72 06:31 |
Thu 28/07/2022 0
Fri 29/07/2022 0
Sat 30/07/2022 0
Sun 31/07/2022 2 | FASTING 115 05:12 | | BEFORE_MEAL 92 18:38 |
Mon 01/08/2022 3 | FASTING 101 06:46 | | BEFORE_MEAL 99 17:46 | | AFTER_MEAL 106 15:10 |
Tue 02/08/2022 2 | FASTING 110 05:38 | | BEFORE_MEAL 89 17:36 |
Wed 03/08/2022 3 | FASTING 94 06:29 | | BEFORE_MEAL 95 11:53 | | AFTER_MEAL 117 15:48 |
Thu 04/08/2022 1 | FASTING 101 05:04 |
Fri 05/08/2022 1 | FASTING 127 06:41 |
Sat 06/08/2022 3 | FASTING 110 05:46 | | BEFORE_MEAL 101 12:27 | | AFTER_MEAL 142 20:46 |
Sun 07/08/2022 2 | FASTING 109 06:35 | | BEFORE_MEAL 117 18:43 |
Mon 08/08/2022 1 | FASTING 76 05:04 |
Tue 09/08/2022 3 | FASTING 84 06:50 | | BEFORE_MEAL 114 12:25 | | AFTER_MEAL 130 14:38 |
Wed 10/08/2022 3 | FASTING 120 06:25 | | BEFORE_MEAL 80 18:29 | | AFTER_MEAL 120 15:23 |
Thu 11/08/2022 2 | FASTING 78 05:28 | | BEFORE_MEAL 109 18:08 |
Fri 12/08/2022 2 | FASTING 102 05:12 | | BEFORE_MEAL 94 12:47 |
Sat 13/08/2022 3 | FASTING 76 05:53 | | BEFORE_MEAL 142 18:08 | | AFTER_MEAL 158 14:37 |
Sun 14/08/2022 2 | FASTING 113 05:32 | | BEFORE_MEAL 141 18:54 |
Mon 15/08/2022 1 | FASTING 125 05:50 |
Tue 16/08/2022 3 | FASTING 120 05:47 | | BEFORE_MEAL 137 18:25 | | AFTER_MEAL 179 15:56 |
Wed 17/08/2022 1 | FASTING 80 05:22 |
Thu 18/08/2022 1 | FASTING 75 06:49 |
Fri 19/08/2022 0
Sat 20/08/2022 1 | FASTING 110 05:00 |
Sun 21/08/2022 2 | FASTING 107 05:52 | | BEFORE_MEAL 124 12:46 |
Mon 22/08/2022 0
Tue 23/08/2022 3 | FASTING 121 06:08 | | BEFORE_MEAL 119 17:34 | | AFTER_MEAL 151 15:16 |
Wed 24/08/2022 1 | FASTING 79 05:29 |
Thu 25/08/2022 0
Fri 26/08/2022 1 | FASTING 105 05:46 |
Sat 27/08/2022 2 | FASTING 115 06:29 | | BEFORE_MEAL 98 18:19 |
Sun 28/08/2022 0
Mon 29/08/2022 3 | FASTING 90 05:55 | | BEFORE_MEAL 83 18:52 | | AFTER_MEAL 106 20:48 |
Tue 30/08/2022 0
Wed 31/08/2022 1 | FASTING 82 06:49 |
Thu 01/09/2022 1 | FASTING 86 06:47 |
Fri 02/09/2022 2 | FASTING 96 06:44 | | BEFORE_MEAL 94 11:43 |
Sat 03/09/2022 2 | FASTING 70 06:24 | | BEFORE_MEAL 149 12:53 |
Sun 04/09/2022 0
Mon 05/09/2022 0
Tue 06/09/2022 2 | FASTING 78 06:27 | | BEFORE_MEAL 100 11:35 |
Wed 07/09/2022 0
Thu 08/09/2022 2 | FASTING 129 06:02 | | BEFORE_MEAL 129 12:36 |
Fri 09/09/2022 2 | FASTING 105 06:37 | | BEFORE_MEAL 148 18:57 |
Sat 10/09/2022 2 | FASTING 84 05:17 | | BEFORE_MEAL 94 12:07 |
Sun 11/09/2022 0
Mon 12/09/2022 3 | FASTING 107 05:39 | | BEFORE_MEAL 93 18:04 | | AFTER_MEAL 171 14:35 |
Tue 13/09/2022 3 | FASTING 128 05:06 | | BEFORE_MEAL 145 17:58 | | AFTER_MEAL 121 21:46 |
Wed 14/09/2022 1 | FASTING 89 05:14 |
Thu 15/09/2022 1 | FASTING 88 06:27 |
Fri 16/09/2022 2 | FASTING 110 05:00 | | BEFORE_MEAL 139 17:45 |
Sat 17/09/2022 3 | FASTING 120 06:15 | | BEFORE_MEAL 144 18:37 | | AFTER_MEAL 169 15:17 |
Sun 18/09/2022 0
Mon 19/09/2022 2 | FASTING 126 05:25 | | BEFORE_MEAL 93 17:50 |
Tue 20/09/2022 1 | FASTING 82 06:56 |
Wed 21/09/2022 3 | FASTING 111 06:50 | | BEFORE_MEAL 106 18:37 | | AFTER_MEAL 153 15:27 |
Thu 22/09/2022 1 | FASTING 98 05:05 |
Fri 23/09/2022 3 | FASTING 111 05:36 | | BEFORE_MEAL 142 17:45 | | AFTER_MEAL 164 15:30 |
Sat 24/09/2022 3 | FASTING 92 05:13 | | BEFORE_MEAL 100 12:46 | | AFTER_MEAL 150 15:21 |
Sun 25/09/2022 2 | FASTING 83 06:09 | | BEFORE_MEAL 128 17:41 |
Mon 26/09/2022 2 | FASTING 124 06:42 | | BEFORE_MEAL 135 11:46 |
Tue 27/09/2022 0
Wed 28/09/2022 0
Thu 29/09/2022 3 | FASTING 82 05:19 | | BEFORE_MEAL 84 12:59 | | AFTER_MEAL 108 21:41 |
Fri 30/09/2022 0
Sat 01/10/2022 2 | FASTING 124 05:29 | | BEFORE_MEAL 146 18:10 |
Sun 02/10/2022 1 | FASTING 83 05:08 |
Mon 03/10/2022 0
Tue 04/10/2022 0
Wed 05/10/2022 0
Thu 06/10/2022 3 | FASTING 129 06:22 | | BEFORE_MEAL 125 17:50 | | AFTER_MEAL 165 20:59 |
Fri 07/10/2022 2 | FASTING 122 05:06 | | BEFORE_MEAL 100 12:35 |
Sat 08/10/2022 2 | FASTING 80 05:44 | | BEFORE_MEAL 119 18:53 |
Sun 09/10/2022 3 | FASTING 113 06:43 | | BEFORE_MEAL 115 18:08 | | AFTER_MEAL 159 15:46 |
Mon 10/10/2022 0
Tue 11/10/2022 3 | FASTING 119 05:08 | | BEFORE_MEAL 109 17:54 | | AFTER_MEAL 151 21:07 |
Wed 12/10/2022 2 | FASTING 109 06:36 | | BEFORE_MEAL 121 12:02 |
Thu 13/10/2022 1 | FASTING 86 05:47 |
Fri 14/10/2022 3 | FASTING 101 06:26 | | BEFORE_MEAL 123 18:38 | | AFTER_MEAL 105 14:39 |
Sat 15/10/2022 0
Sun 16/10/2022 0
Mon 17/10/2022 3 | FASTING 77 05:17 | | BEFORE_MEAL 133 11:53 | | AFTER_MEAL 112 21:49 |
Tue 18/10/2022 3 | FASTING 97 06:46 | | BEFORE_MEAL 142 12:38 | | AFTER_MEAL 112 15:27 |
Wed 19/10/2022 2 | FASTING 75 06:48 | | BEFORE_MEAL 122 12:57 |
Thu 20/10/2022 2 | FASTING 101 06:53 | | BEFORE_MEAL 81 18:02 |
Fri 21/10/2022 2 | FASTING 80 06:08 | | BEFORE_MEAL 126 18:09 |
Sat 22/10/2022 3 | FASTING 103 06:44 | | BEFORE_MEAL 135 12:27 | | AFTER_MEAL 118 14:38 |
Sun 23/10/2022 1 | FASTING 96 06:12 |
Mon 24/10/2022 1 | FASTING 85 05:15 |
Tue 25/10/2022 1 | FASTING 105 06:41 |
Wed 26/10/2022 1 | FASTING 116 05:53 |
Thu 27/10/2022 2 | FASTING 79 05:50 | | BEFORE_MEAL 131 18:08 |
Fri 28/10/2022 3 | FASTING 108 06:11 | | BEFORE_MEAL 147 12:19 | | AFTER_MEAL 144 21:21 |
Sat 29/10/2022 3 | FASTING 115 05:12 | | BEFORE_MEAL 148 17:54 | | AFTER_MEAL 109 21:19 |
Sun 30/10/2022 1 | FASTING 107 06:32 |
Mon 31/10/2022 1 | FASTING 76 06:32 |
Tue 01/11/2022 3 | FASTING 100 06:25 | | BEFORE_MEAL 88 18:16 | | AFTER_MEAL 111 21:02 |
Wed 02/11/2022 3 | FASTING 97 05:57 | | BEFORE_MEAL 114 12:20 | | AFTER_MEAL 126 15:42 |
Thu 03/11/2022 1 | FASTING 106 05:36 |
Fri 04/11/2022 0
Sat 05/11/2022 3 | FASTING 87 05:00 | | BEFORE_MEAL 92 12:39 | | AFTER_MEAL 179 14:49 |
Sun 06/11/2022 0
Mon 07/11/2022 3 | FASTING 93 06:37 | | BEFORE_MEAL 137 12:52 | | AFTER_MEAL 102 14:54 |
Tue 08/11/2022 2 | FASTING 126 05:26 | | BEFORE_MEAL 107 12:05 |
Wed 09/11/2022 2 | FASTING 88 05:17 | | BEFORE_MEAL 117 17:48 |
Thu 10/11/2022 1 | FASTING 115 06:52 |
Fri 11/11/2022 0
Sat 12/11/2022 2 | FASTING 94 05:56 | | BEFORE_MEAL 109 11:51 |
Sun 13/11/2022 0
Mon 14/11/2022 1 | FASTING 91 05:45 |
Tue 15/11/2022 0
Wed 16/11/2022 3 | FASTING 116 06:43 | | BEFORE_MEAL 120 18:26 | | AFTER_MEAL 162 15:24 |
Thu 17/11/2022 2 | FASTING 92 05:28 | | BEFORE_MEAL 87 18:10 |
Fri 18/11/2022 2 | FASTING 120 05:31 | | BEFORE_MEAL 142 12:15 |
Sat 19/11/2022 2 | FASTING 97 05:02 | | BEFORE_MEAL 132 12:47 |
Sun 20/11/2022 3 | FASTING 76 06:46 | | BEFORE_MEAL 143 17:38 | | AFTER_MEAL 154 20:59 |
Mon 21/11/2022 1 | FASTING 91 06:01 |
Tue 22/11/2022 1 | FASTING 84 05:45 |
Wed 23/11/2022 3 | FASTING 102 06:33 | | BEFORE_MEAL 138 12:44 | | AFTER_MEAL 120 21:35 |
