2022-07-22T12:34:15.000Z 2022-11-22T12:34:15.000Z
Fri 22/07/2022 3 | FASTING 108 05:22 | | BEFORE_MEAL 143 12:50 | | AFTER_MEAL 103 21:54 |
Sat 23/07/2022 1 | FASTING 122 05:29 |
Sun 24/07/2022 3 | FASTING 96 05:42 | | BEFORE_MEAL 81 18:07 | | AFTER_MEAL 146 21:46 |
Mon 25/07/2022 3 | FASTING 92 05:50 | | BEFORE_MEAL 116 17:51 | | AFTER_MEAL 145 21:17 |
Tue 26/07/2022 2 | FASTING 121 06:16 | | BEFORE_MEAL 135 12:40 |
Wed 27/07/2022 3 | FASTING 111 05:38 | | BEFORE_MEAL 149 18:47 | | AFTER_MEAL 156 21:23 |
Thu 28/07/2022 2 | FASTING 119 06:59 | | BEFORE_MEAL 108 12:26 |
Fri 29/07/2022 1 | FASTING 106 05:24 |
Sat 30/07/2022 0
Sun 31/07/2022 1 | FASTING 93 06:58 |
Mon 01/08/2022 3 | FASTING 117 05:44 | | BEFORE_MEAL 125 18:56 | | AFTER_MEAL 148 20:49 |
Tue 02/08/2022 0
Wed 03/08/2022 0
Thu 04/08/2022 2 | FASTING 126 06:34 | | BEFORE_MEAL 117 12:56 |
Fri 05/08/2022 0
Sat 06/08/2022 3 | FASTING 103 05:10 | | BEFORE_MEAL 109 12:30 | | AFTER_MEAL 111 21:23 |
Sun 07/08/2022 0
Mon 08/08/2022 1 | FASTING 115 05:51 |
Tue 09/08/2022 3 | FASTING 71 06:23 | | BEFORE_MEAL 85 18:33 | | AFTER_MEAL 172 21:19 |
Wed 10/08/2022 0
Thu 11/08/2022 0
Fri 12/08/2022 1 | FASTING 99 06:08 |
Sat 13/08/2022 3 | FASTING 105 06:24 | | BEFORE_MEAL 144 12:35 | | AFTER_MEAL 106 14:36 |
Sun 14/08/2022 0
Mon 15/08/2022 0
Tue 16/08/2022 3 | FASTING 102 06:28 | | BEFORE_MEAL 127 11:34 | | AFTER_MEAL 155 20:35 |
Wed 17/08/2022 0
Thu 18/08/2022 0
Fri 19/08/2022 2 | FASTING 117 06:42 | | BEFORE_MEAL 132 12:40 |
Sat 20/08/2022 0
Sun 21/08/2022 1 | FASTING 79 06:34 |
Mon 22/08/2022 0
Tue 23/08/2022 3 | FASTING 92 06:26 | | BEFORE_MEAL 147 12:04 | | AFTER_MEAL 146 21:17 |
Wed 24/08/2022 2 | FASTING 90 06:27 | | BEFORE_MEAL 107 12:13 |
Thu 25/08/2022 1 | FASTING 120 05:48 |
Fri 26/08/2022 3 | FASTING 107 06:41 | | BEFORE_MEAL 108 18:40 | | AFTER_MEAL 174 15:22 |
Sat 27/08/2022 3 | FASTING 92 06:43 | | BEFORE_MEAL 99 18:02 | | AFTER_MEAL 109 15:45 |
Sun 28/08/2022 3 | FASTING 84 05:41 | | BEFORE_MEAL 82 12:22 | | AFTER_MEAL 125 15:29 |
Mon 29/08/2022 1 | FASTING 94 05:44 |
Tue 30/08/2022 1 | FASTING 112 06:36 |
Wed 31/08/2022 1 | FASTING 104 05:20 |
Thu 01/09/2022 2 | FASTING 77 06:17 | | BEFORE_MEAL 81 18:53 |
Fri 02/09/2022 2 | FASTING 106 06:54 | | BEFORE_MEAL 94 12:46 |
Sat 03/09/2022 0
Sun 04/09/2022 2 | FASTING 113 06:02 | | BEFORE_MEAL 120 12:23 |
Mon 05/09/2022 3 | FASTING 121 06:25 | | BEFORE_MEAL 143 11:48 | | AFTER_MEAL 167 21:25 |
Tue 06/09/2022 0
Wed 07/09/2022 3 | FASTING 129 05:32 | | BEFORE_MEAL 101 12:52 | | AFTER_MEAL 100 15:35 |
Thu 08/09/2022 1 | FASTING 91 06:49 |
Fri 09/09/2022 1 | FASTING 102 05:07 |
Sat 10/09/2022 2 | FASTING 72 05:05 | | BEFORE_MEAL 83 18:39 |
Sun 11/09/2022 1 | FASTING 120 06:25 |
Mon 12/09/2022 3 | FASTING 88 06:37 | | BEFORE_MEAL 121 12:59 | | AFTER_MEAL 145 14:38 |
Tue 13/09/2022 1 | FASTING 97 05:06 |
Wed 14/09/2022 1 | FASTING 104 06:10 |
Thu 15/09/2022 0
Fri 16/09/2022 0
Sat 17/09/2022 0
Sun 18/09/2022 2 | FASTING 84 05:39 | | BEFORE_MEAL 134 11:52 |
Mon 19/09/2022 2 | FASTING 86 05:51 | | BEFORE_MEAL 147 18:02 |
Tue 20/09/2022 2 | FASTING 79 06:06 | | BEFORE_MEAL 140 12:05 |
Wed 21/09/2022 2 | FASTING 117 06:08 | | BEFORE_MEAL 99 12:29 |
Thu 22/09/2022 1 | FASTING 84 06:22 |
Fri 23/09/2022 2 | FASTING 81 06:05 | | BEFORE_MEAL 85 11:46 |
Sat 24/09/2022 1 | FASTING 75 06:09 |
Sun 25/09/2022 0
Mon 26/09/2022 0
Tue 27/09/2022 3 | FASTING 111 06:06 | | BEFORE_MEAL 86 18:50 | | AFTER_MEAL 115 21:40 |
Wed 28/09/2022 2 | FASTING 110 05:37 | | BEFORE_MEAL 145 18:17 |
Thu 29/09/2022 0
Fri 30/09/2022 2 | FASTING 121 05:13 | | BEFORE_MEAL 109 18:10 |
Sat 01/10/2022 0
Sun 02/10/2022 3 | FASTING 128 06:14 | | BEFORE_MEAL 131 12:56 | | AFTER_MEAL 154 20:59 |
Mon 03/10/2022 3 | FASTING 87 05:32 | | BEFORE_MEAL 84 12:26 | | AFTER_MEAL 124 15:45 |
Tue 04/10/2022 3 | FASTING 84 06:25 | | BEFORE_MEAL 116 11:50 | | AFTER_MEAL 154 20:39 |
Wed 05/10/2022 2 | FASTING 91 06:41 | | BEFORE_MEAL 134 18:58 |
Thu 06/10/2022 2 | FASTING 117 05:24 | | BEFORE_MEAL 98 12:54 |
Fri 07/10/2022 0
Sat 08/10/2022 1 | FASTING 87 05:39 |
Sun 09/10/2022 2 | FASTING 113 06:33 | | BEFORE_MEAL 108 12:20 |
Mon 10/10/2022 3 | FASTING 105 05:42 | | BEFORE_MEAL 145 17:57 | | AFTER_MEAL 141 21:04 |
Tue 11/10/2022 0
Wed 12/10/2022 3 | FASTING 109 06:51 | | BEFORE_MEAL 101 18:01 | | AFTER_MEAL 157 20:34 |
Thu 13/10/2022 2 | FASTING 90 06:14 | | BEFORE_MEAL 140 12:52 |
Fri 14/10/2022 1 | FASTING 98 06:48 |
Sat 15/10/2022 3 | FASTING 110 06:31 | | BEFORE_MEAL 142 17:40 | | AFTER_MEAL 133 15:08 |
Sun 16/10/2022 0
Mon 17/10/2022 3 | FASTING 114 05:00 | | BEFORE_MEAL 100 12:13 | | AFTER_MEAL 115 21:46 |
Tue 18/10/2022 3 | FASTING 112 06:34 | | BEFORE_MEAL 146 12:24 | | AFTER_MEAL 147 21:10 |
Wed 19/10/2022 1 | FASTING 108 06:01 |
Thu 20/10/2022 2 | FASTING 116 05:00 | | BEFORE_MEAL 93 17:47 |
Fri 21/10/2022 1 | FASTING 99 06:56 |
Sat 22/10/2022 0
Sun 23/10/2022 2 | FASTING 122 05:10 | | BEFORE_MEAL 117 17:36 |
Mon 24/10/2022 3 | FASTING 92 06:03 | | BEFORE_MEAL 130 12:55 | | AFTER_MEAL 147 14:57 |
Tue 25/10/2022 2 | FASTING 109 05:08 | | BEFORE_MEAL 140 12:55 |
Wed 26/10/2022 3 | FASTING 116 05:34 | | BEFORE_MEAL 83 18:11 | | AFTER_MEAL 159 14:47 |
Thu 27/10/2022 2 | FASTING 120 05:41 | | BEFORE_MEAL 140 11:58 |
Fri 28/10/2022 1 | FASTING 86 05:20 |
Sat 29/10/2022 3 | FASTING 88 06:12 | | BEFORE_MEAL 95 18:33 | | AFTER_MEAL 142 15:27 |
Sun 30/10/2022 0
Mon 31/10/2022 3 | FASTING 86 06:48 | | BEFORE_MEAL 104 17:41 | | AFTER_MEAL 160 21:21 |
Tue 01/11/2022 0
Wed 02/11/2022 3 | FASTING 102 05:57 | | BEFORE_MEAL 95 11:40 | | AFTER_MEAL 179 15:13 |
Thu 03/11/2022 2 | FASTING 114 05:25 | | BEFORE_MEAL 86 17:35 |
Fri 04/11/2022 2 | FASTING 92 05:57 | | BEFORE_MEAL 104 12:20 |
Sat 05/11/2022 0
Sun 06/11/2022 0
Mon 07/11/2022 2 | FASTING 71 06:15 | | BEFORE_MEAL 105 18:55 |
Tue 08/11/2022 2 | FASTING 96 06:20 | | BEFORE_MEAL 141 12:35 |
Wed 09/11/2022 0
Thu 10/11/2022 1 | FASTING 75 05:21 |
Fri 11/11/2022 2 | FASTING 123 05:36 | | BEFORE_MEAL 111 12:01 |
Sat 12/11/2022 2 | FASTING 96 06:46 | | BEFORE_MEAL 99 18:05 |
Sun 13/11/2022 0
Mon 14/11/2022 2 | FASTING 113 06:59 | | BEFORE_MEAL 81 17:47 |
Tue 15/11/2022 0
Wed 16/11/2022 3 | FASTING 78 06:21 | | BEFORE_MEAL 149 12:46 | | AFTER_MEAL 101 14:37 |
Thu 17/11/2022 3 | FASTING 87 06:05 | | BEFORE_MEAL 111 12:04 | | AFTER_MEAL 111 15:51 |
Fri 18/11/2022 1 | FASTING 120 06:12 |
Sat 19/11/2022 3 | FASTING 83 05:07 | | BEFORE_MEAL 84 12:19 | | AFTER_MEAL 175 21:59 |
Sun 20/11/2022 0
Mon 21/11/2022 1 | FASTING 118 06:12 |
Tue 22/11/2022 1 | FASTING 94 05:28 |
